  Avg loss: 0.006156 

Done!
Epoch 27
-------------------------------
  batch 1 loss: 5.287167616188526e-05
  batch 101 loss: 0.006550129582174122
  batch 201 loss: 0.006411661580204964
  batch 301 loss: 0.006268047583289444
  batch 401 loss: 0.006182858408428729
  batch 501 loss: 0.006220486746169627
  batch 601 loss: 0.006068158189300447
  batch 701 loss: 0.006186613978352398
  batch 801 loss: 0.006003570682369172
  batch 901 loss: 0.00612848112359643
  batch 1001 loss: 0.0059824115037918095
  batch 1101 loss: 0.006215139464475214
  batch 1201 loss: 0.00607152605196461
  batch 1301 loss: 0.0061165178241208195
Test Error: 
  Avg loss: 0.005924 

Done!
Epoch 28
-------------------------------
  batch 1 loss: 8.472095243632793e-05
  batch 101 loss: 0.005968192433938384
  batch 201 loss: 0.006051960499025882
  batch 301 loss: 0.006156179087702185
  batch 401 loss: 0.005932556346524506
  batch 501 loss: 0.006019156374968589
  batch 601 loss: 0.00597773814573884
  batch 701 loss: 0.005949414437636733
  batch 801 loss: 0.005916406293399632
  batch 901 loss: 0.006120954207144678
  batch 1001 loss: 0.006086736586876213
  batch 1101 loss: 0.005887878886424005
  batch 1201 loss: 0.0057792416424490515
  batch 1301 loss: 0.005801914983894676
Test Error: 
  Avg loss: 0.005738 

Done!
Epoch 29
-------------------------------
  batch 1 loss: 6.367635447531938e-05
  batch 101 loss: 0.005840962061192841
  batch 201 loss: 0.005798083045519888
  batch 301 loss: 0.005981242200359702
  batch 401 loss: 0.00591082992265001
  batch 501 loss: 0.005810504299588502
  batch 601 loss: 0.005886574555188417
  batch 701 loss: 0.005827447497285903
  batch 801 loss: 0.005863279877230525
  batch 901 loss: 0.0057597386511042716
  batch 1001 loss: 0.00552453497890383
  batch 1101 loss: 0.005803845087066293
  batch 1201 loss: 0.00576675046235323
  batch 1301 loss: 0.0056013718689791854
Test Error: 
  Avg loss: 0.005589 

Done!
Epoch 30
-------------------------------
  batch 1 loss: 4.577029962092638e-05
  batch 101 loss: 0.005882551253307611
  batch 201 loss: 0.005684820185415447
  batch 301 loss: 0.005746338588651269
  batch 401 loss: 0.005671973810531199
  batch 501 loss: 0.0055821671825833615
  batch 601 loss: 0.005659598975908012
  batch 701 loss: 0.005656514819711447
  batch 801 loss: 0.005536783318966627
  batch 901 loss: 0.005589543157257139
  batch 1001 loss: 0.005777423358522355
  batch 1101 loss: 0.005637585402000695
  batch 1201 loss: 0.0057038812153041366
  batch 1301 loss: 0.005592613252811134
Test Error: 
  Avg loss: 0.005459 

Done!
Epoch 31
-------------------------------
  batch 1 loss: 6.0573550872504714e-05
  batch 101 loss: 0.0057056771032512185
  batch 201 loss: 0.005500445924699306
  batch 301 loss: 0.00562409897102043
  batch 401 loss: 0.0056170072825625535
  batch 501 loss: 0.0053973177657462654
  batch 601 loss: 0.00547637005103752
  batch 701 loss: 0.005593780234921724
  batch 801 loss: 0.005630205778870732
  batch 901 loss: 0.005345236207358539
  batch 1001 loss: 0.005583967708516866
  batch 1101 loss: 0.005613435474224389
  batch 1201 loss: 0.005625249508302659
  batch 1301 loss: 0.005392857452388853
Test Error: 
  Avg loss: 0.005348 

Done!
Epoch 32
-------------------------------
  batch 1 loss: 6.578224245458842e-05
  batch 101 loss: 0.005668305109720677
  batch 201 loss: 0.005413562583271414
  batch 301 loss: 0.0054063394502736626
  batch 401 loss: 0.005446436074562371
  batch 501 loss: 0.00545327253639698
  batch 601 loss: 0.00551628677174449
  batch 701 loss: 0.005559527222067118
  batch 801 loss: 0.005480481691192835
  batch 901 loss: 0.005441889769863337
  batch 1001 loss: 0.005265022688545287
  batch 1101 loss: 0.005544330964330584
  batch 1201 loss: 0.0053547123749740425
  batch 1301 loss: 0.005332682058215141
Test Error: 
  Avg loss: 0.005253 

Done!
Epoch 33
-------------------------------
  batch 1 loss: 4.613161087036133e-05
  batch 101 loss: 0.005448622035328299
  batch 201 loss: 0.005271562177222222
  batch 301 loss: 0.005472629661671818
  batch 401 loss: 0.005283933563623578
  batch 501 loss: 0.005392657232005149
  batch 601 loss: 0.005377797822002321
  batch 701 loss: 0.005241866682190448
  batch 801 loss: 0.00543884702026844
  batch 901 loss: 0.005347211968619377
  batch 1001 loss: 0.005373599301092327
  batch 1101 loss: 0.005417271943297237
  batch 1201 loss: 0.005309618299361318
  batch 1301 loss: 0.00518093052553013
Test Error: 
  Avg loss: 0.005166 

Done!
Epoch 34
-------------------------------
  batch 1 loss: 5.502194166183472e-05
  batch 101 loss: 0.005243277724366635
  batch 201 loss: 0.0053017630660906435
  batch 301 loss: 0.005265370570123195
  batch 401 loss: 0.005254433213267475
  batch 501 loss: 0.005322291457559913
  batch 601 loss: 0.005306012302171439
  batch 701 loss: 0.0051843154476955535
  batch 801 loss: 0.005139974006451667
  batch 901 loss: 0.0051585085759870706
  batch 1001 loss: 0.0053569090040400625
  batch 1101 loss: 0.005198563530575484
  batch 1201 loss: 0.00535778644727543
  batch 1301 loss: 0.005290942320134491
Test Error: 
  Avg loss: 0.005089 

Done!
Epoch 35
-------------------------------
  batch 1 loss: 5.295070353895426e-05
  batch 101 loss: 0.00521393672330305
  batch 201 loss: 0.005146340106148273
  batch 301 loss: 0.005189986042678356
  batch 401 loss: 0.005287188433576375
  batch 501 loss: 0.005298097541090101
  batch 601 loss: 0.005422375544440001
  batch 701 loss: 0.00517896254081279
  batch 801 loss: 0.005098844568710775
  batch 901 loss: 0.005279956900049001
  batch 1001 loss: 0.005024421999696643
  batch 1101 loss: 0.005082386906724423
  batch 1201 loss: 0.00522690367186442
  batch 1301 loss: 0.00495357918087393
Test Error: 
  Avg loss: 0.005009 

Done!
Epoch 36
-------------------------------
  batch 1 loss: 5.556471645832062e-05
  batch 101 loss: 0.005177197977900505
  batch 201 loss: 0.005098644052632153
  batch 301 loss: 0.00498696461552754
  batch 401 loss: 0.005119235666934401
  batch 501 loss: 0.005009224566165358
  batch 601 loss: 0.005132058761082589
  batch 701 loss: 0.00511382914846763
  batch 801 loss: 0.005202334676869214
  batch 901 loss: 0.005066296197474003
  batch 1001 loss: 0.005179305321071297
  batch 1101 loss: 0.005026668030768633
  batch 1201 loss: 0.005135963757056743
  batch 1301 loss: 0.00514575325883925
Test Error: 
  Avg loss: 0.004940 

Done!
Epoch 37
-------------------------------
  batch 1 loss: 4.0593966841697695e-05
  batch 101 loss: 0.005104608507826925
  batch 201 loss: 0.0052115205139853064
  batch 301 loss: 0.005055504939518869
  batch 401 loss: 0.0050653118826448915
  batch 501 loss: 0.005214906746987253
  batch 601 loss: 0.004939700297545642
  batch 701 loss: 0.005024897065013647
  batch 801 loss: 0.00496472277212888
  batch 901 loss: 0.004981929850764573
  batch 1001 loss: 0.004907364207319916
  batch 1101 loss: 0.005088494112715125
  batch 1201 loss: 0.005015531454700977
  batch 1301 loss: 0.004997923935297877
Test Error: 
  Avg loss: 0.004883 

Done!
Epoch 38
-------------------------------
  batch 1 loss: 4.750237800180912e-05
  batch 101 loss: 0.0050546448212116955
  batch 201 loss: 0.004948884032201022
  batch 301 loss: 0.005072507336735726
  batch 401 loss: 0.005018134245183319
  batch 501 loss: 0.004885847775731236
  batch 601 loss: 0.005160901655908674
  batch 701 loss: 0.005044133942574263
  batch 801 loss: 0.004877185835503042
  batch 901 loss: 0.00481903116684407
  batch 1001 loss: 0.005117427804507315
  batch 1101 loss: 0.004896962607745081
  batch 1201 loss: 0.004819204539526254
  batch 1301 loss: 0.005039859202224761
Test Error: 
  Avg loss: 0.004823 

Done!
Epoch 39
-------------------------------
  batch 1 loss: 6.3594039529562e-05
  batch 101 loss: 0.004866157560609281
  batch 201 loss: 0.00470557466847822
  batch 301 loss: 0.004952883224468678
  batch 401 loss: 0.005075738646555692
  batch 501 loss: 0.0048444705572910605
  batch 601 loss: 0.005043128279503435
  batch 701 loss: 0.004897017097100616
  batch 801 loss: 0.005133640102576465
  batch 901 loss: 0.005055287047289312
  batch 1001 loss: 0.004924949759151786
  batch 1101 loss: 0.0048525935946963725
  batch 1201 loss: 0.0048401416256092485
  batch 1301 loss: 0.004748858194798231
Test Error: 
  Avg loss: 0.004755 

Done!
Epoch 40
-------------------------------
  batch 1 loss: 4.10340866073966e-05
  batch 101 loss: 0.004921000530011952
  batch 201 loss: 0.00489385463995859
  batch 301 loss: 0.004975898505654186
  batch 401 loss: 0.004839459313079715
  batch 501 loss: 0.004884913270361721
  batch 601 loss: 0.004821981396526098
  batch 701 loss: 0.004857116020284593
  batch 801 loss: 0.004778630298096687
  batch 901 loss: 0.00499774233205244
  batch 1001 loss: 0.004780860617756844
  batch 1101 loss: 0.0049035566975362595
  batch 1201 loss: 0.004797412131447345
  batch 1301 loss: 0.0049204814154654745
Test Error: 
  Avg loss: 0.004707 

Done!
Epoch 41
-------------------------------
  batch 1 loss: 3.772560507059097e-05
  batch 101 loss: 0.004750287882052362
  batch 201 loss: 0.004804892437532544
  batch 301 loss: 0.004791807122528553
  batch 401 loss: 0.004788133781403303
  batch 501 loss: 0.004811106619890779
  batch 601 loss: 0.004861217746511101
  batch 701 loss: 0.004822451875079423
  batch 801 loss: 0.0049584642611444
  batch 901 loss: 0.004722279394045472
  batch 1001 loss: 0.0048430783022195105
  batch 1101 loss: 0.00490506221074611
  batch 1201 loss: 0.004689241810701787
  batch 1301 loss: 0.004734571119770408
Test Error: 
  Avg loss: 0.004649 

Done!
Epoch 42
-------------------------------
  batch 1 loss: 4.7170971520245075e-05
  batch 101 loss: 0.004699257893953472
  batch 201 loss: 0.004893495861906559
  batch 301 loss: 0.004797738243360073
  batch 401 loss: 0.004700284483842552
  batch 501 loss: 0.00474865908967331
  batch 601 loss: 0.004856600812636316
  batch 701 loss: 0.004622349622659385
  batch 801 loss: 0.00477062332443893
  batch 901 loss: 0.004783636280335486
  batch 1001 loss: 0.00467537434771657
  batch 1101 loss: 0.004810303337872028
  batch 1201 loss: 0.004654126304667443
  batch 1301 loss: 0.004770915287081152
Test Error: 
  Avg loss: 0.004606 

Done!
Epoch 43
-------------------------------
  batch 1 loss: 3.951044753193855e-05
  batch 101 loss: 0.00476087108720094
  batch 201 loss: 0.004646350140683353
  batch 301 loss: 0.00470815108390525
  batch 401 loss: 0.004609444097150117
  batch 501 loss: 0.004632629116531462
  batch 601 loss: 0.004715502425096929
  batch 701 loss: 0.0047011620923876766
  batch 801 loss: 0.004697245350107551
  batch 901 loss: 0.004719178732484579
  batch 1001 loss: 0.004751013047061861
  batch 1101 loss: 0.0047945676650851966
  batch 1201 loss: 0.00473227787995711
  batch 1301 loss: 0.00466087075183168
Test Error: 
  Avg loss: 0.004556 

Done!
Epoch 44
-------------------------------
  batch 1 loss: 4.5576286502182484e-05
  batch 101 loss: 0.004755337934475392
  batch 201 loss: 0.00477753525134176
  batch 301 loss: 0.004702851343899965
  batch 401 loss: 0.0047458083205856386
  batch 501 loss: 0.004599411175586283
  batch 601 loss: 0.004532979913055897
  batch 701 loss: 0.004674429201986641
  batch 801 loss: 0.004564848316367716
  batch 901 loss: 0.004716640019323677
  batch 1001 loss: 0.004486592388711869
  batch 1101 loss: 0.0045486435666680335
  batch 1201 loss: 0.00470234670676291
  batch 1301 loss: 0.0046115896990522745
Test Error: 
  Avg loss: 0.004507 

Done!
Epoch 45
-------------------------------
  batch 1 loss: 4.220506642013788e-05
  batch 101 loss: 0.004699461357668042
  batch 201 loss: 0.00451229911763221
  batch 301 loss: 0.00451646777568385
  batch 401 loss: 0.004492889291141182
  batch 501 loss: 0.004732650353107601
  batch 601 loss: 0.004672009339556098
  batch 701 loss: 0.004498956713359803
  batch 801 loss: 0.004529289889615029
  batch 901 loss: 0.0047705424972809855
  batch 1001 loss: 0.004622435958590358
  batch 1101 loss: 0.004570505814626813
  batch 1201 loss: 0.004672651833388954
  batch 1301 loss: 0.004531963786575943
Test Error: 
  Avg loss: 0.004460 

Done!
Epoch 46
-------------------------------
  batch 1 loss: 4.235855769366026e-05
  batch 101 loss: 0.004463127360213548
  batch 201 loss: 0.004599767299368978
  batch 301 loss: 0.00462967045372352
  batch 401 loss: 0.004444868639111519
  batch 501 loss: 0.004494933448731899
  batch 601 loss: 0.004601088345516473
  batch 701 loss: 0.004727891290094703
  batch 801 loss: 0.0045209908136166635
  batch 901 loss: 0.004510811029467732
  batch 1001 loss: 0.0045052092848345635
  batch 1101 loss: 0.004546455056406558
  batch 1201 loss: 0.004667495258618146
  batch 1301 loss: 0.00447268684161827
Test Error: 
  Avg loss: 0.004412 

Done!
Epoch 47
-------------------------------
  batch 1 loss: 3.7334137596189974e-05
  batch 101 loss: 0.0043904211046174165
  batch 201 loss: 0.004562167094554752
  batch 301 loss: 0.004470018681604415
  batch 401 loss: 0.004733963287435472
  batch 501 loss: 0.004468923590611667
  batch 601 loss: 0.004521955265663564
  batch 701 loss: 0.004561830903403461
  batch 801 loss: 0.004473276508506387
  batch 901 loss: 0.0043708516377955675
  batch 1001 loss: 0.004547081086784601
  batch 1101 loss: 0.004410139240790158
  batch 1201 loss: 0.0044396906113252045
  batch 1301 loss: 0.004636157180648297
Test Error: 
  Avg loss: 0.004371 

Done!
Epoch 48
-------------------------------
  batch 1 loss: 5.4905004799366e-05
  batch 101 loss: 0.004477458684705198
  batch 201 loss: 0.004481786314863711
  batch 301 loss: 0.00443826518021524
  batch 401 loss: 0.004463533260859549
  batch 501 loss: 0.004553825620096177
  batch 601 loss: 0.004598336664494127
  batch 701 loss: 0.00435459072701633
  batch 801 loss: 0.0045127843669615685
  batch 901 loss: 0.004453619690611959
  batch 1001 loss: 0.004297607629559934
  batch 1101 loss: 0.004471030365675688
  batch 1201 loss: 0.004407221388537437
  batch 1301 loss: 0.0044773965002968905
Test Error: 
  Avg loss: 0.004326 

Done!
Epoch 49
-------------------------------
  batch 1 loss: 4.074203781783581e-05
  batch 101 loss: 0.004484461627434939
  batch 201 loss: 0.004541278723627329
  batch 301 loss: 0.004449470529798418
  batch 401 loss: 0.004391077323816717
  batch 501 loss: 0.004476177783217281
  batch 601 loss: 0.0044693348929286
  batch 701 loss: 0.004593565836548805
  batch 801 loss: 0.004356969608925283
  batch 901 loss: 0.0044479933334514495
  batch 1001 loss: 0.00429176460718736
  batch 1101 loss: 0.0043288426706567405
  batch 1201 loss: 0.004354246633592993
  batch 1301 loss: 0.004272319641895592
Test Error: 
  Avg loss: 0.004287 

Done!
Epoch 50
-------------------------------
  batch 1 loss: 5.366257857531309e-05
  batch 101 loss: 0.004424345616716892
  batch 201 loss: 0.004248569076880812
  batch 301 loss: 0.004301135768182576
  batch 401 loss: 0.0044628543383441865
  batch 501 loss: 0.004407874888274818
  batch 601 loss: 0.0042540459474548695
  batch 701 loss: 0.00452024546219036
  batch 801 loss: 0.0043424588767811655
  batch 901 loss: 0.004426606809720397
  batch 1001 loss: 0.004494412546046078
  batch 1101 loss: 0.004275339113082737
  batch 1201 loss: 0.00426782529335469
  batch 1301 loss: 0.00445440758485347
Test Error: 
  Avg loss: 0.004241 
